<?xml version="1.0" encoding="UTF-8"?>
<!-- Generated by org.testng.reporters.JUnitXMLReporter -->
<testsuite ignored="1" hostname="DESKTOP-CJA0QNI" failures="0" tests="2" name="Default test" time="94.527" errors="0" timestamp="2023-09-07T14:38:01 IST">
  <testcase classname="com.microfocus.test.LoginTest" name="invalidLoginTest" time="4.07"/>
  <testcase classname="com.microfocus.test.LoginTest" name="invalidLoginTest" time="17.927"/>
  <testcase classname="com.microfocus.test.LoginTest" name="validLoginTest" time="0.0">
    <ignored/>
  </testcase> <!-- validLoginTest -->
</testsuite> <!-- Default test -->
