<?xml version="1.0" encoding="UTF-8"?>
<!-- Generated by org.testng.reporters.JUnitXMLReporter -->
<testsuite ignored="4" hostname="DESKTOP-CJA0QNI" failures="0" tests="1" name="Login UI Test-edge" time="9.947" errors="0" timestamp="2023-09-07T15:57:36 IST">
  <testcase classname="com.microfocus.test.LoginUITest" name="validateTitleTest" time="0.013"/>
  <testcase classname="com.microfocus.test.LoginUITest" name="applicationDescriptionTest" time="0.0">
    <ignored/>
  </testcase> <!-- applicationDescriptionTest -->
  <testcase classname="com.microfocus.test.LoginTest" name="invalidLoginTest" time="0.0">
    <ignored/>
  </testcase> <!-- invalidLoginTest -->
  <testcase classname="com.microfocus.test.LoginUITest" name="validatePlaceholderTest" time="0.0">
    <ignored/>
  </testcase> <!-- validatePlaceholderTest -->
  <testcase classname="com.microfocus.test.LoginTest" name="validLoginTest" time="0.0">
    <ignored/>
  </testcase> <!-- validLoginTest -->
</testsuite> <!-- Login UI Test-edge -->
