<?xml version="1.0" encoding="UTF-8"?>
<testng-results ignored="0" total="1" passed="1" failed="0" skipped="0">
  <reporter-output>
  </reporter-output>
  <suite started-at="2023-09-07T15:57:26 IST" name="OpenEMR Suite" finished-at="2023-09-07T15:57:36 IST" duration-ms="9947">
    <groups>
      <group name="smoke2">
        <method signature="LoginUITest.validateTitleTest()[pri:0, instance:com.microfocus.test.LoginUITest@4659191b]" name="validateTitleTest" class="com.microfocus.test.LoginUITest"/>
      </group> <!-- smoke2 -->
      <group name="UI">
        <method signature="LoginUITest.validateTitleTest()[pri:0, instance:com.microfocus.test.LoginUITest@4659191b]" name="validateTitleTest" class="com.microfocus.test.LoginUITest"/>
      </group> <!-- UI -->
      <group name="smoke">
        <method signature="LoginUITest.validateTitleTest()[pri:0, instance:com.microfocus.test.LoginUITest@4659191b]" name="validateTitleTest" class="com.microfocus.test.LoginUITest"/>
      </group> <!-- smoke -->
    </groups>
    <test started-at="2023-09-07T15:57:26 IST" name="Login UI Test-edge" finished-at="2023-09-07T15:57:36 IST" duration-ms="9947">
      <class name="com.microfocus.test.LoginUITest">
        <test-method is-config="true" signature="setup(java.lang.String)[pri:0, instance:com.microfocus.test.LoginUITest@4659191b]" started-at="2023-09-07T15:57:26 IST" name="setup" finished-at="2023-09-07T15:57:35 IST" duration-ms="9700" status="PASS">
          <params>
            <param index="0">
              <value>
                <![CDATA[edge]]>
              </value>
            </param>
          </params>
          <reporter-output>
          </reporter-output>
        </test-method> <!-- setup -->
        <test-method signature="validateTitleTest()[pri:0, instance:com.microfocus.test.LoginUITest@4659191b]" started-at="2023-09-07T15:57:35 IST" name="validateTitleTest" finished-at="2023-09-07T15:57:35 IST" duration-ms="13" status="PASS">
          <reporter-output>
          </reporter-output>
        </test-method> <!-- validateTitleTest -->
        <test-method is-config="true" signature="teardown()[pri:0, instance:com.microfocus.test.LoginUITest@4659191b]" started-at="2023-09-07T15:57:35 IST" name="teardown" finished-at="2023-09-07T15:57:36 IST" duration-ms="181" status="PASS">
          <reporter-output>
          </reporter-output>
        </test-method> <!-- teardown -->
      </class> <!-- com.microfocus.test.LoginUITest -->
    </test> <!-- Login UI Test-edge -->
  </suite> <!-- OpenEMR Suite -->
</testng-results>
