<?xml version="1.0" encoding="UTF-8"?>
<!-- Generated by org.testng.reporters.JUnitXMLReporter -->
<testsuite ignored="0" hostname="DESKTOP-CJA0QNI" failures="0" tests="3" name="Login UI Test-chrome" time="37.544" errors="0" timestamp="2023-09-07T15:24:39 IST">
  <testcase classname="com.microfocus.test.LoginUITest" name="applicationDescriptionTest" time="0.041"/>
  <testcase classname="com.microfocus.test.LoginUITest" name="validatePlaceholderTest" time="0.04"/>
  <testcase classname="com.microfocus.test.LoginUITest" name="validateTitleTest" time="0.013"/>
</testsuite> <!-- Login UI Test-chrome -->
